[2023-12-04 13:32:04.905] [info] Zonation 5 v2.0-rc3
[2023-12-04 13:32:05.013] [info] Arguments given: -iwWgf --mode=CAZMAX --gui settings.z5 output
[2023-12-04 13:32:05.021] [info] Using 8-bit quantization
[2023-12-04 13:32:05.024] [info] Loading project "settings.z5"
[2023-12-04 13:32:05.028] [info] Using setting: feature list file = feature_list.txt
[2023-12-04 13:32:05.031] [info] Using setting: weight groups file = weight_groups.txt
[2023-12-04 13:32:05.033] [info] Using setting: interaction connectivity link file = connectivity_list.txt
[2023-12-04 13:32:05.035] [info] Using default setting: curves output interval = 9.99999975e-05
[2023-12-04 13:32:05.036] [info] Using default setting: max iterations = 500
[2023-12-04 13:32:05.043] [info] Using default setting: mean ranking error threshold = 0.00999999978
[2023-12-04 13:32:05.044] [info] Using default setting: smoothing factor = 0
[2023-12-04 13:32:05.046] [info] Using default setting: stop on plateau = 0
[2023-12-04 13:32:05.047] [info] Using default setting: zero mode = all
[2023-12-04 13:32:05.048] [info] Using default setting: stop after preprocessing = 0
[2023-12-04 13:32:05.049] [info] Using default setting: quantization error warning threshold = 20
[2023-12-04 13:32:05.050] [info] Loading weight group information from "C:\Users\thiagoca\OneDrive - University of Helsinki\Zonation\zonation_workflow\setup_6\weight_groups.txt"
[2023-12-04 13:32:05.058] [info] Loading interaction connectivity transform information from "C:\Users\thiagoca\OneDrive - University of Helsinki\Zonation\zonation_workflow\setup_6\connectivity_list.txt"
[2023-12-04 13:32:05.062] [info] Loading feature layer information from "C:\Users\thiagoca\OneDrive - University of Helsinki\Zonation\zonation_workflow\setup_6\feature_list.txt"
[2023-12-04 13:32:05.075] [info] Validating project
[2023-12-04 13:32:05.093] [info] Reading layer data
[2023-12-04 13:32:05.113] [info] Gathering data statistics
[2023-12-04 13:32:05.730] [info] Map dimensions (width * height): 698*646
[2023-12-04 13:32:05.732] [info] Number of grid cells in map (width * height): 450908
[2023-12-04 13:32:05.735] [info] Number of grid cells in map with data: 169530
[2023-12-04 13:32:05.740] [info] Feature layer count: 36
[2023-12-04 13:32:05.744] [info] Positive weight feature count: 36
[2023-12-04 13:32:05.747] [info] Negative weight feature count: 0
[2023-12-04 13:32:05.752] [info] Zero weight feature count: 0
[2023-12-04 13:32:05.755] [info] Total number of pixels with data across features: 6100488
[2023-12-04 13:32:05.759] [info] Mean feature extent across study area (original): 100.00%
[2023-12-04 13:32:05.763] [info] Reading feature layers
[2023-12-04 13:32:06.560] [info] Mean feature extent across study area (quantized): 100.00%
[2023-12-04 13:32:06.562] [info] Memory usage of feature data: 7.62MB
[2023-12-04 13:32:06.566] [info] Mean quantization error: 0.113302%
[2023-12-04 13:32:06.574] [info] Computing interaction connectivity transform 1
[2023-12-04 13:32:06.579] [info] Reading interaction connectivity transform 1 file from C:\Users\thiagoca\OneDrive - University of Helsinki\Zonation\zonation_workflow\data\sp1_futureM.tif
[2023-12-04 13:32:06.631] [warning] Interaction connectivity transform 1 file "C:\Users\thiagoca\OneDrive - University of Helsinki\Zonation\zonation_workflow\data\sp1_futureM.tif" misses values for 144 cells with some data in feature layers, replacing missing values with zero
[2023-12-04 13:32:06.634] [info] Computing interaction connectivity transform 1 for layer sp1.layer18.i
[2023-12-04 13:32:09.539] [info] Reading interaction connectivity transform 1 file from C:\Users\thiagoca\OneDrive - University of Helsinki\Zonation\zonation_workflow\data\sp2_futureM.tif
[2023-12-04 13:32:09.590] [warning] Interaction connectivity transform 1 file "C:\Users\thiagoca\OneDrive - University of Helsinki\Zonation\zonation_workflow\data\sp2_futureM.tif" misses values for 144 cells with some data in feature layers, replacing missing values with zero
[2023-12-04 13:32:09.594] [info] Computing interaction connectivity transform 1 for layer sp2.layer19.i
[2023-12-04 13:32:10.092] [info] Reading interaction connectivity transform 1 file from C:\Users\thiagoca\OneDrive - University of Helsinki\Zonation\zonation_workflow\data\sp3_futureM.tif
[2023-12-04 13:32:10.143] [warning] Interaction connectivity transform 1 file "C:\Users\thiagoca\OneDrive - University of Helsinki\Zonation\zonation_workflow\data\sp3_futureM.tif" misses values for 144 cells with some data in feature layers, replacing missing values with zero
[2023-12-04 13:32:10.146] [info] Computing interaction connectivity transform 1 for layer sp3.layer20.i
[2023-12-04 13:32:11.250] [info] Reading interaction connectivity transform 1 file from C:\Users\thiagoca\OneDrive - University of Helsinki\Zonation\zonation_workflow\data\sp4_futureM.tif
[2023-12-04 13:32:11.300] [warning] Interaction connectivity transform 1 file "C:\Users\thiagoca\OneDrive - University of Helsinki\Zonation\zonation_workflow\data\sp4_futureM.tif" misses values for 144 cells with some data in feature layers, replacing missing values with zero
[2023-12-04 13:32:11.303] [info] Computing interaction connectivity transform 1 for layer sp4.layer21.i
[2023-12-04 13:32:11.851] [info] Reading interaction connectivity transform 1 file from C:\Users\thiagoca\OneDrive - University of Helsinki\Zonation\zonation_workflow\data\sp5_futureM.tif
[2023-12-04 13:32:11.937] [warning] Interaction connectivity transform 1 file "C:\Users\thiagoca\OneDrive - University of Helsinki\Zonation\zonation_workflow\data\sp5_futureM.tif" misses values for 144 cells with some data in feature layers, replacing missing values with zero
[2023-12-04 13:32:11.941] [info] Computing interaction connectivity transform 1 for layer sp5.layer22.i
[2023-12-04 13:32:13.362] [info] Reading interaction connectivity transform 1 file from C:\Users\thiagoca\OneDrive - University of Helsinki\Zonation\zonation_workflow\data\sp6_futureM.tif
[2023-12-04 13:32:13.462] [warning] Interaction connectivity transform 1 file "C:\Users\thiagoca\OneDrive - University of Helsinki\Zonation\zonation_workflow\data\sp6_futureM.tif" misses values for 144 cells with some data in feature layers, replacing missing values with zero
[2023-12-04 13:32:13.467] [info] Computing interaction connectivity transform 1 for layer sp6.layer23.i
[2023-12-04 13:32:14.057] [info] Reading interaction connectivity transform 1 file from C:\Users\thiagoca\OneDrive - University of Helsinki\Zonation\zonation_workflow\data\sp7_futureM.tif
[2023-12-04 13:32:14.151] [warning] Interaction connectivity transform 1 file "C:\Users\thiagoca\OneDrive - University of Helsinki\Zonation\zonation_workflow\data\sp7_futureM.tif" misses values for 144 cells with some data in feature layers, replacing missing values with zero
[2023-12-04 13:32:14.155] [info] Computing interaction connectivity transform 1 for layer sp7.layer24.i
[2023-12-04 13:32:14.737] [info] Reading interaction connectivity transform 1 file from C:\Users\thiagoca\OneDrive - University of Helsinki\Zonation\zonation_workflow\data\sp8_futureM.tif
[2023-12-04 13:32:14.820] [warning] Interaction connectivity transform 1 file "C:\Users\thiagoca\OneDrive - University of Helsinki\Zonation\zonation_workflow\data\sp8_futureM.tif" misses values for 144 cells with some data in feature layers, replacing missing values with zero
[2023-12-04 13:32:14.824] [info] Computing interaction connectivity transform 1 for layer sp8.layer25.i
[2023-12-04 13:32:15.381] [info] Reading interaction connectivity transform 1 file from C:\Users\thiagoca\OneDrive - University of Helsinki\Zonation\zonation_workflow\data\sp9_futureM.tif
[2023-12-04 13:32:15.458] [warning] Interaction connectivity transform 1 file "C:\Users\thiagoca\OneDrive - University of Helsinki\Zonation\zonation_workflow\data\sp9_futureM.tif" misses values for 144 cells with some data in feature layers, replacing missing values with zero
[2023-12-04 13:32:15.462] [info] Computing interaction connectivity transform 1 for layer sp9.layer26.i
[2023-12-04 13:32:16.026] [info] Reading interaction connectivity transform 1 file from C:\Users\thiagoca\OneDrive - University of Helsinki\Zonation\zonation_workflow\data\sp1.tif
[2023-12-04 13:32:16.103] [info] Computing interaction connectivity transform 1 for layer sp1_futureM.layer27.i
[2023-12-04 13:32:16.637] [info] Reading interaction connectivity transform 1 file from C:\Users\thiagoca\OneDrive - University of Helsinki\Zonation\zonation_workflow\data\sp2.tif
[2023-12-04 13:32:16.713] [info] Computing interaction connectivity transform 1 for layer sp2_futureM.layer28.i
[2023-12-04 13:32:17.281] [info] Reading interaction connectivity transform 1 file from C:\Users\thiagoca\OneDrive - University of Helsinki\Zonation\zonation_workflow\data\sp3.tif
[2023-12-04 13:32:17.364] [info] Computing interaction connectivity transform 1 for layer sp3_futureM.layer29.i
[2023-12-04 13:32:17.929] [info] Reading interaction connectivity transform 1 file from C:\Users\thiagoca\OneDrive - University of Helsinki\Zonation\zonation_workflow\data\sp4.tif
[2023-12-04 13:32:18.006] [info] Computing interaction connectivity transform 1 for layer sp4_futureM.layer30.i
[2023-12-04 13:32:18.544] [info] Reading interaction connectivity transform 1 file from C:\Users\thiagoca\OneDrive - University of Helsinki\Zonation\zonation_workflow\data\sp5.tif
[2023-12-04 13:32:18.617] [info] Computing interaction connectivity transform 1 for layer sp5_futureM.layer31.i
[2023-12-04 13:32:19.181] [info] Reading interaction connectivity transform 1 file from C:\Users\thiagoca\OneDrive - University of Helsinki\Zonation\zonation_workflow\data\sp6.tif
[2023-12-04 13:32:19.254] [info] Computing interaction connectivity transform 1 for layer sp6_futureM.layer32.i
[2023-12-04 13:32:19.802] [info] Reading interaction connectivity transform 1 file from C:\Users\thiagoca\OneDrive - University of Helsinki\Zonation\zonation_workflow\data\sp7.tif
[2023-12-04 13:32:19.875] [info] Computing interaction connectivity transform 1 for layer sp7_futureM.layer33.i
[2023-12-04 13:32:20.467] [info] Reading interaction connectivity transform 1 file from C:\Users\thiagoca\OneDrive - University of Helsinki\Zonation\zonation_workflow\data\sp8.tif
[2023-12-04 13:32:20.555] [info] Computing interaction connectivity transform 1 for layer sp8_futureM.layer34.i
[2023-12-04 13:32:21.102] [info] Reading interaction connectivity transform 1 file from C:\Users\thiagoca\OneDrive - University of Helsinki\Zonation\zonation_workflow\data\sp9.tif
[2023-12-04 13:32:21.178] [info] Computing interaction connectivity transform 1 for layer sp9_futureM.layer35.i
[2023-12-04 13:32:21.740] [info] Number of interaction connectivity transforms 1: 18
[2023-12-04 13:32:21.748] [info] Time used to read and preprocess layer data: 16s
[2023-12-04 13:32:21.754] [info] Writing transformed layers
[2023-12-04 13:32:21.757] [info] Writing sp1.layer18.i.tif
[2023-12-04 13:32:21.811] [info] Writing sp2.layer19.i.tif
[2023-12-04 13:32:21.860] [info] Writing sp3.layer20.i.tif
[2023-12-04 13:32:21.908] [info] Writing sp4.layer21.i.tif
[2023-12-04 13:32:21.955] [info] Writing sp5.layer22.i.tif
[2023-12-04 13:32:22.001] [info] Writing sp6.layer23.i.tif
[2023-12-04 13:32:22.045] [info] Writing sp7.layer24.i.tif
[2023-12-04 13:32:22.085] [info] Writing sp8.layer25.i.tif
[2023-12-04 13:32:22.126] [info] Writing sp9.layer26.i.tif
[2023-12-04 13:32:22.163] [info] Writing sp1_futureM.layer27.i.tif
[2023-12-04 13:32:22.199] [info] Writing sp2_futureM.layer28.i.tif
[2023-12-04 13:32:22.229] [info] Writing sp3_futureM.layer29.i.tif
[2023-12-04 13:32:22.261] [info] Writing sp4_futureM.layer30.i.tif
[2023-12-04 13:32:22.292] [info] Writing sp5_futureM.layer31.i.tif
[2023-12-04 13:32:22.323] [info] Writing sp6_futureM.layer32.i.tif
[2023-12-04 13:32:22.352] [info] Writing sp7_futureM.layer33.i.tif
[2023-12-04 13:32:22.381] [info] Writing sp8_futureM.layer34.i.tif
[2023-12-04 13:32:22.413] [info] Writing sp9_futureM.layer35.i.tif
[2023-12-04 13:32:22.443] [info] Computing priority rank
[2023-12-04 13:32:22.503] [info] Iteration 0, mean ranking error 0.748503%, mean rank change 0.597781%
[2023-12-04 13:32:22.560] [info] Iteration 1, mean ranking error 0.777041%, mean rank change 0.52296%
[2023-12-04 13:32:22.616] [info] Iteration 2, mean ranking error 0.755632%, mean rank change 0.470560%
[2023-12-04 13:32:22.677] [info] Iteration 3, mean ranking error 0.724573%, mean rank change 0.431916%
[2023-12-04 13:32:22.738] [info] Iteration 4, mean ranking error 0.690820%, mean rank change 0.400948%
[2023-12-04 13:32:22.800] [info] Iteration 5, mean ranking error 0.657148%, mean rank change 0.375128%
[2023-12-04 13:32:22.859] [info] Iteration 6, mean ranking error 0.61661%, mean rank change 0.352511%
[2023-12-04 13:32:22.917] [info] Iteration 7, mean ranking error 0.579074%, mean rank change 0.331784%
[2023-12-04 13:32:22.974] [info] Iteration 8, mean ranking error 0.545435%, mean rank change 0.312881%
[2023-12-04 13:32:23.030] [info] Iteration 9, mean ranking error 0.519252%, mean rank change 0.296487%
[2023-12-04 13:32:23.088] [info] Iteration 10, mean ranking error 0.499088%, mean rank change 0.282207%
[2023-12-04 13:32:23.147] [info] Iteration 11, mean ranking error 0.481576%, mean rank change 0.269048%
[2023-12-04 13:32:23.209] [info] Iteration 12, mean ranking error 0.468196%, mean rank change 0.257131%
[2023-12-04 13:32:23.267] [info] Iteration 13, mean ranking error 0.454927%, mean rank change 0.247288%
[2023-12-04 13:32:23.325] [info] Iteration 14, mean ranking error 0.445935%, mean rank change 0.239024%
[2023-12-04 13:32:23.383] [info] Iteration 15, mean ranking error 0.436748%, mean rank change 0.231646%
[2023-12-04 13:32:23.444] [info] Iteration 16, mean ranking error 0.430436%, mean rank change 0.224827%
[2023-12-04 13:32:23.502] [info] Iteration 17, mean ranking error 0.422923%, mean rank change 0.218443%
[2023-12-04 13:32:23.561] [info] Iteration 18, mean ranking error 0.416454%, mean rank change 0.2121%
[2023-12-04 13:32:23.619] [info] Iteration 19, mean ranking error 0.410272%, mean rank change 0.205733%
[2023-12-04 13:32:23.677] [info] Iteration 20, mean ranking error 0.405356%, mean rank change 0.199465%
[2023-12-04 13:32:23.740] [info] Iteration 21, mean ranking error 0.399645%, mean rank change 0.193531%
[2023-12-04 13:32:23.800] [info] Iteration 22, mean ranking error 0.393927%, mean rank change 0.188061%
[2023-12-04 13:32:23.861] [info] Iteration 23, mean ranking error 0.387213%, mean rank change 0.182798%
[2023-12-04 13:32:23.921] [info] Iteration 24, mean ranking error 0.382628%, mean rank change 0.177592%
[2023-12-04 13:32:23.982] [info] Iteration 25, mean ranking error 0.378325%, mean rank change 0.172454%
[2023-12-04 13:32:24.043] [info] Iteration 26, mean ranking error 0.372592%, mean rank change 0.167493%
[2023-12-04 13:32:24.104] [info] Iteration 27, mean ranking error 0.366559%, mean rank change 0.162718%
[2023-12-04 13:32:24.164] [info] Iteration 28, mean ranking error 0.362601%, mean rank change 0.158166%
[2023-12-04 13:32:24.224] [info] Iteration 29, mean ranking error 0.358194%, mean rank change 0.153798%
[2023-12-04 13:32:24.284] [info] Iteration 30, mean ranking error 0.35218%, mean rank change 0.149596%
[2023-12-04 13:32:24.344] [info] Iteration 31, mean ranking error 0.348376%, mean rank change 0.145656%
[2023-12-04 13:32:24.403] [info] Iteration 32, mean ranking error 0.343567%, mean rank change 0.14194%
[2023-12-04 13:32:24.464] [info] Iteration 33, mean ranking error 0.338571%, mean rank change 0.138402%
[2023-12-04 13:32:24.524] [info] Iteration 34, mean ranking error 0.334792%, mean rank change 0.135133%
[2023-12-04 13:32:24.584] [info] Iteration 35, mean ranking error 0.32982%, mean rank change 0.132132%
[2023-12-04 13:32:24.643] [info] Iteration 36, mean ranking error 0.326506%, mean rank change 0.129391%
[2023-12-04 13:32:24.702] [info] Iteration 37, mean ranking error 0.322805%, mean rank change 0.126785%
[2023-12-04 13:32:24.764] [info] Iteration 38, mean ranking error 0.319664%, mean rank change 0.12429%
[2023-12-04 13:32:24.827] [info] Iteration 39, mean ranking error 0.316827%, mean rank change 0.121905%
[2023-12-04 13:32:24.890] [info] Iteration 40, mean ranking error 0.313594%, mean rank change 0.119611%
[2023-12-04 13:32:24.949] [info] Iteration 41, mean ranking error 0.310475%, mean rank change 0.117469%
[2023-12-04 13:32:25.008] [info] Iteration 42, mean ranking error 0.307344%, mean rank change 0.115431%
[2023-12-04 13:32:25.065] [info] Iteration 43, mean ranking error 0.304588%, mean rank change 0.11347%
[2023-12-04 13:32:25.123] [info] Iteration 44, mean ranking error 0.302440%, mean rank change 0.111618%
[2023-12-04 13:32:25.180] [info] Iteration 45, mean ranking error 0.300707%, mean rank change 0.109828%
[2023-12-04 13:32:25.239] [info] Iteration 46, mean ranking error 0.299217%, mean rank change 0.108026%
[2023-12-04 13:32:25.297] [info] Iteration 47, mean ranking error 0.297538%, mean rank change 0.106214%
[2023-12-04 13:32:25.353] [info] Iteration 48, mean ranking error 0.296116%, mean rank change 0.104432%
[2023-12-04 13:32:25.411] [info] Iteration 49, mean ranking error 0.294112%, mean rank change 0.102673%
[2023-12-04 13:32:25.468] [info] Iteration 50, mean ranking error 0.292511%, mean rank change 0.100934%
[2023-12-04 13:32:25.524] [info] Iteration 51, mean ranking error 0.289251%, mean rank change 0.0992265%
[2023-12-04 13:32:25.583] [info] Iteration 52, mean ranking error 0.289116%, mean rank change 0.0974822%
[2023-12-04 13:32:25.638] [info] Iteration 53, mean ranking error 0.285927%, mean rank change 0.0956854%
[2023-12-04 13:32:25.695] [info] Iteration 54, mean ranking error 0.283992%, mean rank change 0.0939224%
[2023-12-04 13:32:25.752] [info] Iteration 55, mean ranking error 0.281345%, mean rank change 0.0922422%
[2023-12-04 13:32:25.809] [info] Iteration 56, mean ranking error 0.279883%, mean rank change 0.0905921%
[2023-12-04 13:32:25.865] [info] Iteration 57, mean ranking error 0.277182%, mean rank change 0.0889429%
[2023-12-04 13:32:25.922] [info] Iteration 58, mean ranking error 0.275959%, mean rank change 0.0872867%
[2023-12-04 13:32:25.979] [info] Iteration 59, mean ranking error 0.273594%, mean rank change 0.0856287%
[2023-12-04 13:32:26.035] [info] Iteration 60, mean ranking error 0.270258%, mean rank change 0.0839536%
[2023-12-04 13:32:26.091] [info] Iteration 61, mean ranking error 0.268439%, mean rank change 0.0822817%
[2023-12-04 13:32:26.147] [info] Iteration 62, mean ranking error 0.266195%, mean rank change 0.0807320%
[2023-12-04 13:32:26.202] [info] Iteration 63, mean ranking error 0.264657%, mean rank change 0.0792394%
[2023-12-04 13:32:26.257] [info] Iteration 64, mean ranking error 0.2639%, mean rank change 0.0778165%
[2023-12-04 13:32:26.313] [info] Iteration 65, mean ranking error 0.26241%, mean rank change 0.0764188%
[2023-12-04 13:32:26.368] [info] Iteration 66, mean ranking error 0.259941%, mean rank change 0.0749795%
[2023-12-04 13:32:26.425] [info] Iteration 67, mean ranking error 0.257614%, mean rank change 0.0735124%
[2023-12-04 13:32:26.481] [info] Iteration 68, mean ranking error 0.253588%, mean rank change 0.0720420%
[2023-12-04 13:32:26.536] [info] Iteration 69, mean ranking error 0.249651%, mean rank change 0.0705908%
[2023-12-04 13:32:26.592] [info] Iteration 70, mean ranking error 0.245889%, mean rank change 0.0691922%
[2023-12-04 13:32:26.647] [info] Iteration 71, mean ranking error 0.242616%, mean rank change 0.0677835%
[2023-12-04 13:32:26.702] [info] Iteration 72, mean ranking error 0.238311%, mean rank change 0.0663777%
[2023-12-04 13:32:26.758] [info] Iteration 73, mean ranking error 0.231677%, mean rank change 0.064957%
[2023-12-04 13:32:26.813] [info] Iteration 74, mean ranking error 0.22426%, mean rank change 0.0634979%
[2023-12-04 13:32:26.869] [info] Iteration 75, mean ranking error 0.215524%, mean rank change 0.0619441%
[2023-12-04 13:32:26.924] [info] Iteration 76, mean ranking error 0.206362%, mean rank change 0.0604269%
[2023-12-04 13:32:26.978] [info] Iteration 77, mean ranking error 0.201096%, mean rank change 0.0590976%
[2023-12-04 13:32:27.034] [info] Iteration 78, mean ranking error 0.197647%, mean rank change 0.0579873%
[2023-12-04 13:32:27.090] [info] Iteration 79, mean ranking error 0.194711%, mean rank change 0.0569815%
[2023-12-04 13:32:27.145] [info] Iteration 80, mean ranking error 0.193007%, mean rank change 0.0559931%
[2023-12-04 13:32:27.199] [info] Iteration 81, mean ranking error 0.191536%, mean rank change 0.0550162%
[2023-12-04 13:32:27.257] [info] Iteration 82, mean ranking error 0.190788%, mean rank change 0.0540206%
[2023-12-04 13:32:27.311] [info] Iteration 83, mean ranking error 0.189241%, mean rank change 0.0530248%
[2023-12-04 13:32:27.365] [info] Iteration 84, mean ranking error 0.187398%, mean rank change 0.0520292%
[2023-12-04 13:32:27.420] [info] Iteration 85, mean ranking error 0.185084%, mean rank change 0.0510146%
[2023-12-04 13:32:27.474] [info] Iteration 86, mean ranking error 0.182086%, mean rank change 0.0499782%
[2023-12-04 13:32:27.530] [info] Iteration 87, mean ranking error 0.177978%, mean rank change 0.0489469%
[2023-12-04 13:32:27.585] [info] Iteration 88, mean ranking error 0.174387%, mean rank change 0.0479046%
[2023-12-04 13:32:27.639] [info] Iteration 89, mean ranking error 0.170023%, mean rank change 0.0468468%
[2023-12-04 13:32:27.694] [info] Iteration 90, mean ranking error 0.165322%, mean rank change 0.0457868%
[2023-12-04 13:32:27.750] [info] Iteration 91, mean ranking error 0.160259%, mean rank change 0.0446893%
[2023-12-04 13:32:27.806] [info] Iteration 92, mean ranking error 0.154588%, mean rank change 0.0436967%
[2023-12-04 13:32:27.862] [info] Iteration 93, mean ranking error 0.14975%, mean rank change 0.0426497%
[2023-12-04 13:32:27.916] [info] Iteration 94, mean ranking error 0.145315%, mean rank change 0.0417079%
[2023-12-04 13:32:27.971] [info] Iteration 95, mean ranking error 0.141862%, mean rank change 0.0408460%
[2023-12-04 13:32:28.026] [info] Iteration 96, mean ranking error 0.137945%, mean rank change 0.0400952%
[2023-12-04 13:32:28.082] [info] Iteration 97, mean ranking error 0.134499%, mean rank change 0.0394285%
[2023-12-04 13:32:28.137] [info] Iteration 98, mean ranking error 0.131997%, mean rank change 0.0388365%
[2023-12-04 13:32:28.192] [info] Iteration 99, mean ranking error 0.130069%, mean rank change 0.0382776%
[2023-12-04 13:32:28.246] [info] Iteration 100, mean ranking error 0.128263%, mean rank change 0.0377365%
[2023-12-04 13:32:28.302] [info] Iteration 101, mean ranking error 0.126277%, mean rank change 0.0372108%
[2023-12-04 13:32:28.359] [info] Iteration 102, mean ranking error 0.124989%, mean rank change 0.036693%
[2023-12-04 13:32:28.417] [info] Iteration 103, mean ranking error 0.123539%, mean rank change 0.0361974%
[2023-12-04 13:32:28.474] [info] Iteration 104, mean ranking error 0.121937%, mean rank change 0.0357234%
[2023-12-04 13:32:28.530] [info] Iteration 105, mean ranking error 0.120712%, mean rank change 0.0352657%
[2023-12-04 13:32:28.586] [info] Iteration 106, mean ranking error 0.11962%, mean rank change 0.0348064%
[2023-12-04 13:32:28.642] [info] Iteration 107, mean ranking error 0.118252%, mean rank change 0.0343424%
[2023-12-04 13:32:28.699] [info] Iteration 108, mean ranking error 0.117227%, mean rank change 0.03388%
[2023-12-04 13:32:28.757] [info] Iteration 109, mean ranking error 0.116093%, mean rank change 0.0334418%
[2023-12-04 13:32:28.813] [info] Iteration 110, mean ranking error 0.115221%, mean rank change 0.0330160%
[2023-12-04 13:32:28.868] [info] Iteration 111, mean ranking error 0.114293%, mean rank change 0.0325979%
[2023-12-04 13:32:28.924] [info] Iteration 112, mean ranking error 0.113413%, mean rank change 0.0321921%
[2023-12-04 13:32:28.978] [info] Iteration 113, mean ranking error 0.112706%, mean rank change 0.0317763%
[2023-12-04 13:32:29.033] [info] Iteration 114, mean ranking error 0.112108%, mean rank change 0.0313571%
[2023-12-04 13:32:29.089] [info] Iteration 115, mean ranking error 0.111455%, mean rank change 0.0309413%
[2023-12-04 13:32:29.143] [info] Iteration 116, mean ranking error 0.110749%, mean rank change 0.0305127%
[2023-12-04 13:32:29.198] [info] Iteration 117, mean ranking error 0.109929%, mean rank change 0.0300637%
[2023-12-04 13:32:29.253] [info] Iteration 118, mean ranking error 0.108928%, mean rank change 0.0296069%
[2023-12-04 13:32:29.308] [info] Iteration 119, mean ranking error 0.108133%, mean rank change 0.0291475%
[2023-12-04 13:32:29.363] [info] Iteration 120, mean ranking error 0.107386%, mean rank change 0.0286873%
[2023-12-04 13:32:29.419] [info] Iteration 121, mean ranking error 0.106107%, mean rank change 0.0282118%
[2023-12-04 13:32:29.475] [info] Iteration 122, mean ranking error 0.105301%, mean rank change 0.0277387%
[2023-12-04 13:32:29.530] [info] Iteration 123, mean ranking error 0.104084%, mean rank change 0.0272705%
[2023-12-04 13:32:29.584] [info] Iteration 124, mean ranking error 0.103196%, mean rank change 0.0268057%
[2023-12-04 13:32:29.640] [info] Iteration 125, mean ranking error 0.102476%, mean rank change 0.0263511%
[2023-12-04 13:32:29.695] [info] Iteration 126, mean ranking error 0.101724%, mean rank change 0.0258998%
[2023-12-04 13:32:29.752] [info] Iteration 127, mean ranking error 0.100736%, mean rank change 0.0254463%
[2023-12-04 13:32:29.808] [info] Iteration 128, mean ranking error 0.0997255%, mean rank change 0.0249917%
[2023-12-04 13:32:29.863] [info] Iteration 129, mean ranking error 0.0988401%, mean rank change 0.024542%
[2023-12-04 13:32:29.919] [info] Iteration 130, mean ranking error 0.0978605%, mean rank change 0.0240847%
[2023-12-04 13:32:29.974] [info] Iteration 131, mean ranking error 0.0966086%, mean rank change 0.0236283%
[2023-12-04 13:32:30.029] [info] Iteration 132, mean ranking error 0.0952663%, mean rank change 0.0231677%
[2023-12-04 13:32:30.084] [info] Iteration 133, mean ranking error 0.0940801%, mean rank change 0.0227163%
[2023-12-04 13:32:30.140] [info] Iteration 134, mean ranking error 0.0929536%, mean rank change 0.0222643%
[2023-12-04 13:32:30.195] [info] Iteration 135, mean ranking error 0.0916811%, mean rank change 0.0218014%
[2023-12-04 13:32:30.249] [info] Iteration 136, mean ranking error 0.0899025%, mean rank change 0.0213015%
[2023-12-04 13:32:30.304] [info] Iteration 137, mean ranking error 0.0882145%, mean rank change 0.0207988%
[2023-12-04 13:32:30.360] [info] Iteration 138, mean ranking error 0.0866291%, mean rank change 0.0203057%
[2023-12-04 13:32:30.415] [info] Iteration 139, mean ranking error 0.0847092%, mean rank change 0.0198919%
[2023-12-04 13:32:30.471] [info] Iteration 140, mean ranking error 0.0832582%, mean rank change 0.0195997%
[2023-12-04 13:32:30.528] [info] Iteration 141, mean ranking error 0.0823958%, mean rank change 0.019372%
[2023-12-04 13:32:30.582] [info] Iteration 142, mean ranking error 0.0815216%, mean rank change 0.0191756%
[2023-12-04 13:32:30.638] [info] Iteration 143, mean ranking error 0.0809954%, mean rank change 0.0189789%
[2023-12-04 13:32:30.693] [info] Iteration 144, mean ranking error 0.0804842%, mean rank change 0.0188005%
[2023-12-04 13:32:30.751] [info] Iteration 145, mean ranking error 0.0800720%, mean rank change 0.0186388%
[2023-12-04 13:32:30.806] [info] Iteration 146, mean ranking error 0.0794194%, mean rank change 0.0184921%
[2023-12-04 13:32:30.861] [info] Iteration 147, mean ranking error 0.0791236%, mean rank change 0.0183416%
[2023-12-04 13:32:30.916] [info] Iteration 148, mean ranking error 0.0786386%, mean rank change 0.0182046%
[2023-12-04 13:32:30.971] [info] Iteration 149, mean ranking error 0.0780579%, mean rank change 0.0180660%
[2023-12-04 13:32:31.026] [info] Iteration 150, mean ranking error 0.07771%, mean rank change 0.0179134%
[2023-12-04 13:32:31.081] [info] Iteration 151, mean ranking error 0.0772063%, mean rank change 0.0177546%
[2023-12-04 13:32:31.137] [info] Iteration 152, mean ranking error 0.0766061%, mean rank change 0.0176067%
[2023-12-04 13:32:31.191] [info] Iteration 153, mean ranking error 0.0760469%, mean rank change 0.0174515%
[2023-12-04 13:32:31.245] [info] Iteration 154, mean ranking error 0.0746873%, mean rank change 0.0172033%
[2023-12-04 13:32:31.299] [info] Iteration 155, mean ranking error 0.0729851%, mean rank change 0.0169325%
[2023-12-04 13:32:31.354] [info] Iteration 156, mean ranking error 0.0718723%, mean rank change 0.0166621%
[2023-12-04 13:32:31.407] [info] Iteration 157, mean ranking error 0.0708236%, mean rank change 0.0164439%
[2023-12-04 13:32:31.463] [info] Iteration 158, mean ranking error 0.0701829%, mean rank change 0.0163026%
[2023-12-04 13:32:31.517] [info] Iteration 159, mean ranking error 0.0695271%, mean rank change 0.0161761%
[2023-12-04 13:32:31.572] [info] Iteration 160, mean ranking error 0.0692524%, mean rank change 0.0160520%
[2023-12-04 13:32:31.627] [info] Iteration 161, mean ranking error 0.0689591%, mean rank change 0.0159341%
[2023-12-04 13:32:31.681] [info] Iteration 162, mean ranking error 0.0688023%, mean rank change 0.0158245%
[2023-12-04 13:32:31.739] [info] Iteration 163, mean ranking error 0.0687851%, mean rank change 0.015714%
[2023-12-04 13:32:31.797] [info] Iteration 164, mean ranking error 0.0683047%, mean rank change 0.0155998%
[2023-12-04 13:32:31.852] [info] Iteration 165, mean ranking error 0.0679319%, mean rank change 0.0154645%
[2023-12-04 13:32:31.907] [info] Iteration 166, mean ranking error 0.0677881%, mean rank change 0.0153294%
[2023-12-04 13:32:31.962] [info] Iteration 167, mean ranking error 0.0675716%, mean rank change 0.0152042%
[2023-12-04 13:32:32.017] [info] Iteration 168, mean ranking error 0.0673456%, mean rank change 0.0150954%
[2023-12-04 13:32:32.071] [info] Iteration 169, mean ranking error 0.0671243%, mean rank change 0.0149825%
[2023-12-04 13:32:32.126] [info] Iteration 170, mean ranking error 0.0667224%, mean rank change 0.0148626%
[2023-12-04 13:32:32.181] [info] Iteration 171, mean ranking error 0.0664617%, mean rank change 0.0147384%
[2023-12-04 13:32:32.236] [info] Iteration 172, mean ranking error 0.0660003%, mean rank change 0.0146015%
[2023-12-04 13:32:32.291] [info] Iteration 173, mean ranking error 0.0656881%, mean rank change 0.0144705%
[2023-12-04 13:32:32.345] [info] Iteration 174, mean ranking error 0.0649021%, mean rank change 0.014319%
[2023-12-04 13:32:32.399] [info] Iteration 175, mean ranking error 0.0641968%, mean rank change 0.0141679%
[2023-12-04 13:32:32.454] [info] Iteration 176, mean ranking error 0.0633294%, mean rank change 0.0139805%
[2023-12-04 13:32:32.509] [info] Iteration 177, mean ranking error 0.0621474%, mean rank change 0.0137307%
[2023-12-04 13:32:32.566] [info] Iteration 178, mean ranking error 0.0607544%, mean rank change 0.0134697%
[2023-12-04 13:32:32.621] [info] Iteration 179, mean ranking error 0.0597553%, mean rank change 0.0132488%
[2023-12-04 13:32:32.676] [info] Iteration 180, mean ranking error 0.0583382%, mean rank change 0.0130418%
[2023-12-04 13:32:32.733] [info] Iteration 181, mean ranking error 0.0571118%, mean rank change 0.0128288%
[2023-12-04 13:32:32.794] [info] Iteration 182, mean ranking error 0.0560571%, mean rank change 0.0126436%
[2023-12-04 13:32:32.849] [info] Iteration 183, mean ranking error 0.0551036%, mean rank change 0.0124555%
[2023-12-04 13:32:32.905] [info] Iteration 184, mean ranking error 0.0543359%, mean rank change 0.0122844%
[2023-12-04 13:32:32.960] [info] Iteration 185, mean ranking error 0.0534199%, mean rank change 0.0121521%
[2023-12-04 13:32:33.014] [info] Iteration 186, mean ranking error 0.0523926%, mean rank change 0.0120216%
[2023-12-04 13:32:33.068] [info] Iteration 187, mean ranking error 0.0517358%, mean rank change 0.0118553%
[2023-12-04 13:32:33.123] [info] Iteration 188, mean ranking error 0.0511933%, mean rank change 0.01171%
[2023-12-04 13:32:33.177] [info] Iteration 189, mean ranking error 0.0507558%, mean rank change 0.0115833%
[2023-12-04 13:32:33.231] [info] Iteration 190, mean ranking error 0.0501648%, mean rank change 0.0114503%
[2023-12-04 13:32:33.287] [info] Iteration 191, mean ranking error 0.0496164%, mean rank change 0.0113218%
[2023-12-04 13:32:33.342] [info] Iteration 192, mean ranking error 0.0488298%, mean rank change 0.0111541%
[2023-12-04 13:32:33.396] [info] Iteration 193, mean ranking error 0.0485113%, mean rank change 0.0110019%
[2023-12-04 13:32:33.452] [info] Iteration 194, mean ranking error 0.0476073%, mean rank change 0.0107449%
[2023-12-04 13:32:33.507] [info] Iteration 195, mean ranking error 0.0464998%, mean rank change 0.0104625%
[2023-12-04 13:32:33.561] [info] Iteration 196, mean ranking error 0.0451166%, mean rank change 0.0102641%
[2023-12-04 13:32:33.616] [info] Iteration 197, mean ranking error 0.0436592%, mean rank change 0.0100296%
[2023-12-04 13:32:33.671] [info] Iteration 198, mean ranking error 0.0418954%, mean rank change 0.00983036%
[2023-12-04 13:32:33.730] [info] Iteration 199, mean ranking error 0.039922%, mean rank change 0.00962480%
[2023-12-04 13:32:33.786] [info] Iteration 200, mean ranking error 0.038187%, mean rank change 0.00935685%
[2023-12-04 13:32:33.840] [info] Iteration 201, mean ranking error 0.0362751%, mean rank change 0.00897311%
[2023-12-04 13:32:33.893] [info] Iteration 202, mean ranking error 0.0344231%, mean rank change 0.00853330%
[2023-12-04 13:32:33.947] [info] Iteration 203, mean ranking error 0.0325736%, mean rank change 0.00812770%
[2023-12-04 13:32:34.001] [info] Iteration 204, mean ranking error 0.0311422%, mean rank change 0.00773813%
[2023-12-04 13:32:34.056] [info] Iteration 205, mean ranking error 0.0297187%, mean rank change 0.00736108%
[2023-12-04 13:32:34.110] [info] Iteration 206, mean ranking error 0.0280948%, mean rank change 0.00701608%
[2023-12-04 13:32:34.164] [info] Iteration 207, mean ranking error 0.026763%, mean rank change 0.00666658%
[2023-12-04 13:32:34.218] [info] Iteration 208, mean ranking error 0.0254089%, mean rank change 0.00634744%
[2023-12-04 13:32:34.273] [info] Iteration 209, mean ranking error 0.0240398%, mean rank change 0.00609542%
[2023-12-04 13:32:34.327] [info] Iteration 210, mean ranking error 0.0226997%, mean rank change 0.00579410%
[2023-12-04 13:32:34.381] [info] Iteration 211, mean ranking error 0.0214722%, mean rank change 0.00551421%
[2023-12-04 13:32:34.437] [info] Iteration 212, mean ranking error 0.0202410%, mean rank change 0.00524043%
[2023-12-04 13:32:34.492] [info] Iteration 213, mean ranking error 0.0190327%, mean rank change 0.00497190%
[2023-12-04 13:32:34.546] [info] Iteration 214, mean ranking error 0.017982%, mean rank change 0.00470870%
[2023-12-04 13:32:34.600] [info] Iteration 215, mean ranking error 0.0168776%, mean rank change 0.00445088%
[2023-12-04 13:32:34.657] [info] Iteration 216, mean ranking error 0.0156927%, mean rank change 0.00419479%
[2023-12-04 13:32:34.712] [info] Iteration 217, mean ranking error 0.0145066%, mean rank change 0.00393537%
[2023-12-04 13:32:34.776] [info] Iteration 218, mean ranking error 0.0134070%, mean rank change 0.00369821%
[2023-12-04 13:32:34.831] [info] Iteration 219, mean ranking error 0.0123029%, mean rank change 0.00343025%
[2023-12-04 13:32:34.885] [info] Iteration 220, mean ranking error 0.0111782%, mean rank change 0.00320682%
[2023-12-04 13:32:34.939] [info] Iteration 221, mean ranking error 0.0102661%, mean rank change 0.00300923%
[2023-12-04 13:32:34.993] [info] Iteration 222, mean ranking error 0.00935946%, mean rank change 0.00281298%
[2023-12-04 13:32:35.003] [info] Time used in prioritization: 12s
[2023-12-04 13:32:35.008] [info] Number of iterations: 223
[2023-12-04 13:32:35.016] [info] Final convergence level: 0.00935946%
[2023-12-04 13:32:35.023] [info] Area under curve: 0.550570
[2023-12-04 13:32:35.032] [info] Writing feature info
[2023-12-04 13:32:35.036] [info] Writing feature curves
[2023-12-04 13:32:35.375] [info] Writing priority rank map
[2023-12-04 13:32:35.407] [info] Total time used: 30s
[2023-12-04 13:32:35.415] [info] Number of errors: 0
[2023-12-04 13:32:35.424] [info] Number of warnings: 9
[2023-12-04 13:32:35.432] [info] Done
